2013-12-13 15:46:39.040 [info] <0.7.0> Application lager started on node nonode@nohost
2013-12-13 15:56:41.398 [info] <0.7.0> Application lager started on node nonode@nohost
2013-12-13 16:10:09.882 [info] <0.7.0> Application lager started on node nonode@nohost
2013-12-13 16:16:19.359 [info] <0.7.0> Application lager started on node nonode@nohost
2013-12-13 16:30:25.818 [info] <0.69.0>@of_controller_v4:loop:573 Accepted connection from #Port<0.6023> {{127,0,0,1},55192}
2013-12-13 16:30:25.841 [info] <0.72.0>@of_controller_v4:handle:700 Received message from #Port<0.6023>: {ofp_message,4,hello,0,{ofp_hello,[{versionbitmap,[4]}]}}
2013-12-13 16:30:26.638 [info] <0.72.0>@of_controller_v4:handle:700 Received message from #Port<0.6023>: {ofp_message,4,multipart_reply,2153886217,{ofp_flow_stats_reply,[],[{ofp_flow_stats,0,0,201049000,1,0,0,[],<<0,0,0,0,0,0,0,0>>,0,0,{ofp_match,[{ofp_field,openflow_basic,eth_type,false,<<8,0>>,undefined},{ofp_field,openflow_basic,ip_proto,false,<<6>>,undefined},{ofp_field,openflow_basic,ipv4_src,false,<<192,168,0,79>>,undefined}]},[{ofp_instruction_apply_actions,2,[{ofp_action_set_field,13,{ofp_field,openflow_basic,tcp_dst,false,<<31,43>>,undefined}},{ofp_action_output,16,2,no_buffer}]}]},{ofp_flow_stats,0,0,401216000,1,0,0,[],<<0,0,0,0,0,0,0,0>>,0,0,{ofp_match,[{ofp_field,openflow_basic,eth_type,false,<<8,0>>,undefined},{ofp_field,openflow_basic,ipv4_src,false,<<192,168,0,68>>,undefined}]},[{ofp_instruction_apply_actions,2,[{ofp_action_set_field,13,{ofp_field,openflow_basic,ipv4_dst,false,<<10,0,0,68>>,undefined}},{ofp_action_output,16,2,no_buffer}]}]},{ofp_flow_stats,0,0,604417000,0,0,0,[],<<0,0,0,0,0,0,0,0>>,0,0,{ofp_match,[]},[{ofp_instruction_apply_actions,2,[{ofp_action_output,16,controller,no_buffer}]}]}]}}
2013-12-13 16:30:26.838 [info] <0.72.0>@of_controller_v4:handle:700 Received message from #Port<0.6023>: {ofp_message,4,echo_reply,1337138230,{ofp_echo_reply,<<>>}}
2013-12-13 16:30:27.039 [info] <0.72.0>@of_controller_v4:handle:700 Received message from #Port<0.6023>: {ofp_message,4,features_reply,2566017580,{ofp_features_reply,<<"Τ=~μου">>,0,0,255,0,[flow_stats,table_stats,port_stats,group_stats,queue_stats]}}
2013-12-13 16:30:27.240 [info] <0.72.0>@of_controller_v4:handle:700 Received message from #Port<0.6023>: {ofp_message,4,get_config_reply,3932713463,{ofp_get_config_reply,[],no_buffer}}
2013-12-13 16:30:27.676 [info] <0.72.0>@of_controller_v4:handle:670 Adding new entry:  3 | :B2:A4:29:57:64:58 | <<"²€)WdX">>
2013-12-13 16:30:27.843 [info] <0.72.0>@of_controller_v4:handle:700 Received message from #Port<0.6023>: {ofp_message,4,error,2561991291,{ofp_error_msg,port_mod_failed,bad_hw_addr,<<>>}}
2013-12-13 16:30:28.044 [info] <0.72.0>@of_controller_v4:handle:700 Received message from #Port<0.6023>: {ofp_message,4,multipart_reply,610350148,{ofp_port_desc_reply,[],[{ofp_port,2,<<"nΈ*PN)">>,<<"Port2">>,[],[live],['100mb_fd',copper,autoneg],[copper,autoneg],['100mb_fd',copper,autoneg],['100mb_fd',copper,autoneg],5000,5000},{ofp_port,1,<<14,148,140,68,198,174>>,<<"Port1">>,[],[live],['100mb_fd',copper,autoneg],[copper,autoneg],['100mb_fd',copper,autoneg],['100mb_fd',copper,autoneg],5000,5000},{ofp_port,3,<<"²€)WdX">>,<<"Port3">>,[],[live],['100mb_fd',copper,autoneg],[copper,autoneg],['100mb_fd',copper,autoneg],['100mb_fd',copper,autoneg],5000,5000}]}}
2013-12-13 16:30:28.245 [info] <0.72.0>@of_controller_v4:handle:700 Received message from #Port<0.6023>: {ofp_message,4,multipart_reply,899574699,{ofp_desc_reply,[],<<"FlowForwarding.org">>,<<"Unknown">>,<<"LINC OpenFlow Software Switch 1.1">>,<<"Unknown">>,<<"Unknown">>}}
2013-12-13 16:30:28.449 [info] <0.72.0>@of_controller_v4:handle:700 Received message from #Port<0.6023>: {ofp_message,4,multipart_reply,2994196869,{ofp_aggregate_stats_reply,[],0,0,4}}
2013-12-13 16:30:28.650 [info] <0.72.0>@of_controller_v4:handle:700 Received message from #Port<0.6023>: {ofp_message,4,multipart_reply,686384823,{ofp_table_stats_reply,[],[{ofp_table_stats,0,4,6,0},{ofp_table_stats,1,0,0,0},{ofp_table_stats,2,0,0,0},{ofp_table_stats,3,0,0,0},{ofp_table_stats,4,0,0,0},{ofp_table_stats,5,0,0,0},{ofp_table_stats,6,0,0,0},{ofp_table_stats,7,0,0,0},{ofp_table_stats,8,0,0,0},{ofp_table_stats,9,0,0,0},{ofp_table_stats,10,0,0,0},{ofp_table_stats,11,0,0,0},{ofp_table_stats,12,0,0,0},{ofp_table_stats,13,0,0,0},{ofp_table_stats,14,0,0,0},{ofp_table_stats,15,0,0,0},{ofp_table_stats,16,0,0,0},{ofp_table_stats,17,0,0,0},{ofp_table_stats,18,0,0,0},{ofp_table_stats,19,0,0,0},{ofp_table_stats,20,0,0,0},{ofp_table_stats,21,0,0,0},{ofp_table_stats,22,0,0,0},{ofp_table_stats,23,0,0,0},{ofp_table_stats,24,0,0,0},{ofp_table_stats,25,0,0,0},{ofp_table_stats,26,0,0,0},{ofp_table_stats,27,0,0,0},{ofp_table_stats,28,0,0,0},{ofp_table_stats,29,0,0,0},{ofp_table_stats,30,0,0,0},{ofp_table_stats,31,0,0,0},{ofp_table_stats,32,0,0,0},{ofp_table_stats,33,0,0,0},{ofp_table_stats,34,0,0,0},{ofp_table_stats,35,0,0,0},{ofp_table_stats,36,0,0,0},{ofp_table_stats,37,0,0,0},{ofp_table_stats,38,0,0,0},{ofp_table_stats,39,0,0,0},{ofp_table_stats,40,0,0,0},{ofp_table_stats,41,0,0,0},{ofp_table_stats,42,0,0,0},{ofp_table_stats,43,0,0,0},{ofp_table_stats,44,0,0,0},{ofp_table_stats,45,0,0,0},{ofp_table_stats,46,0,0,0},{ofp_table_stats,47,0,0,0},{ofp_table_stats,48,0,0,0},{ofp_table_stats,49,0,0,0},{ofp_table_stats,50,0,0,0},{ofp_table_stats,51,0,0,0},{ofp_table_stats,52,0,0,0},{ofp_table_stats,53,0,0,0},{ofp_table_stats,54,0,0,0},{ofp_table_stats,55,0,0,0},{ofp_table_stats,56,0,0,0},{ofp_table_stats,57,0,0,0},{ofp_table_stats,58,0,0,0},{ofp_table_stats,59,0,0,0},{ofp_table_stats,60,0,0,0},{ofp_table_stats,61,0,0,0},{ofp_table_stats,62,0,0,0},{ofp_table_stats,63,0,0,0},{ofp_table_stats,64,0,0,0},{ofp_table_stats,65,0,0,0},{ofp_table_stats,66,0,0,0},{ofp_table_stats,67,0,0,0},{ofp_table_stats,68,0,0,0},{ofp_table_stats,69,0,0,0},{ofp_table_stats,70,0,0,0},{ofp_table_stats,71,0,0,0},{ofp_table_stats,72,0,0,0},{ofp_table_stats,73,0,0,0},{ofp_table_stats,74,0,0,0},{ofp_table_stats,75,0,0,0},{ofp_table_stats,76,0,0,0},{ofp_table_stats,77,0,0,0},{ofp_table_stats,78,0,0,0},{ofp_table_stats,79,0,0,0},{ofp_table_stats,80,0,0,0},{ofp_table_stats,81,0,0,0},{ofp_table_stats,82,0,0,0},{ofp_table_stats,83,0,0,0},{ofp_table_stats,84,0,0,0},{ofp_table_stats,85,0,0,0},{ofp_table_stats,86,0,0,0},{ofp_table_stats,87,0,0,0},{ofp_table_stats,88,0,0,0},{ofp_table_stats,89,0,0,0},{ofp_table_stats,90,0,0,0},{ofp_table_stats,91,0,0,0},{ofp_table_stats,92,0,0,0},{ofp_table_stats,93,0,0,0},{ofp_table_stats,94,0,0,0},{ofp_table_stats,95,0,0,0},{ofp_table_stats,96,0,0,0},{ofp_table_stats,97,0,0,0},{ofp_table_stats,98,0,0,0},{ofp_table_stats,99,0,0,0},{ofp_table_stats,100,0,0,0},{ofp_table_stats,101,0,0,0},{ofp_table_stats,102,0,0,0},{ofp_table_stats,103,0,0,0},{ofp_table_stats,104,0,0,0},{ofp_table_stats,105,0,0,0},{ofp_table_stats,106,0,0,0},{ofp_table_stats,107,0,0,0},{ofp_table_stats,108,0,0,0},{ofp_table_stats,109,0,0,0},{ofp_table_stats,110,0,0,0},{ofp_table_stats,111,0,0,0},{ofp_table_stats,112,0,0,0},{ofp_table_stats,113,0,0,0},{ofp_table_stats,114,0,0,0},{ofp_table_stats,115,0,0,0},{ofp_table_stats,116,0,0,0},{ofp_table_stats,117,0,0,0},{ofp_table_stats,118,0,0,0},{ofp_table_stats,119,0,0,0},{ofp_table_stats,120,0,0,0},{ofp_table_stats,121,0,0,0},{ofp_table_stats,122,0,0,0},{ofp_table_stats,123,0,0,0},{ofp_table_stats,124,0,0,0},{ofp_table_stats,125,0,0,0},{ofp_table_stats,126,0,0,0},{ofp_table_stats,127,0,0,0},{ofp_table_stats,128,0,0,0},{ofp_table_stats,129,0,0,0},{ofp_table_stats,130,0,0,0},{ofp_table_stats,131,0,0,0},{ofp_table_stats,132,0,0,0},{ofp_table_stats,133,0,0,0},{ofp_table_stats,134,0,0,0},{ofp_table_stats,135,0,0,0},{ofp_table_stats,136,0,0,0},{ofp_table_stats,137,0,0,0},{ofp_table_stats,138,0,0,0},{ofp_table_stats,139,0,0,0},{ofp_table_stats,140,0,0,0},{ofp_table_stats,141,0,0,0},{ofp_table_stats,142,0,0,0},{ofp_table_stats,143,0,0,0},{ofp_table_stats,144,0,0,0},{ofp_table_stats,...},...]}}
2013-12-13 16:30:28.848 [info] <0.72.0>@of_controller_v4:handle:700 Received message from #Port<0.6023>: {ofp_message,4,multipart_reply,2397690440,{ofp_port_stats_reply,[],[{ofp_port_stats,2,2,1,180,90,0,0,0,0,0,0,0,0,3,83814000},{ofp_port_stats,1,2,1,180,90,0,0,0,0,0,0,0,0,3,122783000},{ofp_port_stats,3,3,0,270,0,0,0,0,0,0,0,0,0,3,44522000}]}}
2013-12-13 16:30:29.049 [info] <0.72.0>@of_controller_v4:handle:700 Received message from #Port<0.6023>: {ofp_message,4,error,923302212,{ofp_error_msg,queue_op_failed,bad_queue,<<>>}}
2013-12-13 16:30:29.074 [info] <0.72.0>@of_controller_v4:handle:670 Adding new entry:  2 | :6E:B8:2A:50:4E:29 | <<"nΈ*PN)">>
2013-12-13 16:30:29.250 [info] <0.72.0>@of_controller_v4:handle:700 Received message from #Port<0.6023>: {ofp_message,4,multipart_reply,1966768732,{ofp_group_stats_reply,[],[{ofp_group_stats,1,0,0,0,1,608009000,[{ofp_bucket_counter,0,0}]}]}}
2013-12-13 16:30:29.451 [info] <0.72.0>@of_controller_v4:handle:700 Received message from #Port<0.6023>: {ofp_message,4,multipart_reply,1809893894,{ofp_group_desc_reply,[],[{ofp_group_desc_stats,all,1,[{ofp_bucket,1,1,1,[{ofp_action_output,16,2,no_buffer}]}]}]}}
2013-12-13 16:30:29.652 [info] <0.72.0>@of_controller_v4:handle:700 Received message from #Port<0.6023>: {ofp_message,4,multipart_reply,25437686,{ofp_group_features_reply,[],[all,select,indirect,ff],[select_weight,chaining],{16777216,16777216,16777216,16777216},{[output,copy_ttl_out,copy_ttl_in,set_mpls_ttl,dec_mpls_ttl,push_vlan,pop_vlan,push_mpls,pop_mpls,set_queue,group,set_nw_ttl,dec_nw_ttl,set_field,push_pbb,pop_pbb],[output,copy_ttl_out,copy_ttl_in,set_mpls_ttl,dec_mpls_ttl,push_vlan,pop_vlan,push_mpls,pop_mpls,set_queue,group,set_nw_ttl,dec_nw_ttl,set_field,push_pbb,pop_pbb],[output,copy_ttl_out,copy_ttl_in,set_mpls_ttl,dec_mpls_ttl,push_vlan,pop_vlan,push_mpls,pop_mpls,set_queue,group,set_nw_ttl,dec_nw_ttl,set_field,push_pbb,pop_pbb],[output,copy_ttl_out,copy_ttl_in,set_mpls_ttl,dec_mpls_ttl,push_vlan,pop_vlan,push_mpls,pop_mpls,set_queue,group,set_nw_ttl,dec_nw_ttl,set_field,push_pbb,pop_pbb]}}}
2013-12-13 16:30:29.853 [info] <0.72.0>@of_controller_v4:handle:700 Received message from #Port<0.6023>: {ofp_message,4,queue_get_config_reply,2414286023,{ofp_queue_get_config_reply,any,[]}}
2013-12-13 16:30:30.054 [info] <0.72.0>@of_controller_v4:handle:700 Received message from #Port<0.6023>: {ofp_message,4,role_reply,2043427153,{ofp_role_reply,equal,18446744073709551615}}
2013-12-13 16:30:30.255 [info] <0.72.0>@of_controller_v4:handle:700 Received message from #Port<0.6023>: {ofp_message,4,barrier_reply,1722116342,{ofp_barrier_reply}}
2013-12-13 16:30:30.338 [info] <0.72.0>@of_controller_v4:handle:670 Adding new entry:  1 |  :E:94:8C:44:C6:AE | <<14,148,140,68,198,174>>
2013-12-13 16:30:31.059 [info] <0.72.0>@of_controller_v4:handle:700 Received message from #Port<0.6023>: {ofp_message,4,multipart_reply,4248984972,{ofp_meter_config_reply,[],[{ofp_meter_config,[kbps],17,[{ofp_meter_band_drop,drop,900,4294967295}]}]}}
2013-12-13 16:32:41.992 [info] <0.72.0>@of_controller_v4:handle:670 Adding new entry:  1 | :44:94:FC:64:3E:50 | <<68,148,252,100,62,80>>
2013-12-13 16:33:47.732 [info] <0.72.0>@of_controller_v4:handle:670 Adding new entry:  1 |  :3C:94:D5:4B:31:C | <<60,148,213,75,49,12>>
2013-12-17 16:59:30.680 [info] <0.7.0> Application lager started on node linc@den
2013-12-17 16:59:30.686 [error] <0.85.0>@linc_capable_sup:start_dependency:116 Starting ssh application failed because: {error,{not_started,public_key}}
2013-12-17 16:59:30.756 [error] <0.85.0>@linc_capable_sup:start_dependency:116 Starting enetconf application failed because: {error,{not_started,ssh}}
2013-12-17 16:59:30.983 [info] <0.7.0> Application linc started on node linc@den
2013-12-17 16:59:30.999 [info] <0.7.0> Application sync started on node linc@den
2013-12-17 16:59:31.016 [error] <0.127.0>@linc_us4_port_native:tap:57 Tuncer error {{badmatch,{error,eperm}},[{tuncer,init,1,[{file,"src/tuncer.erl"},{line,155}]},{gen_server,init_it,6,[{file,"gen_server.erl"},{line,304}]},{proc_lib,init_p_do_apply,3,[{file,"proc_lib.erl"},{line,239}]}]} for interface "tap-linc-port0"
2013-12-17 16:59:31.016 [error] <0.128.0> CRASH REPORT Process <0.128.0> with 0 neighbours exited with reason: no match of right hand value {error,eperm} in tuncer:init/1 line 155 in gen_server:init_it/6 line 328
2013-12-17 16:59:31.063 [error] <0.114.0>@linc_us4_port:add:549 Cannot create port {port,1,[{queues_status,disabled},{queues,[]},{config,{port_configuration,undefined,up,false,false,false}},{features,{features,undefined,'100Mb-FD',true,copper,unsupported}},{interface,"tap-linc-port0"}]}
2013-12-17 16:59:31.195 [error] <0.132.0>@linc_us4_port_native:tap:57 Tuncer error {{badmatch,{error,eperm}},[{tuncer,init,1,[{file,"src/tuncer.erl"},{line,155}]},{gen_server,init_it,6,[{file,"gen_server.erl"},{line,304}]},{proc_lib,init_p_do_apply,3,[{file,"proc_lib.erl"},{line,239}]}]} for interface "tap-linc-port1"
2013-12-17 16:59:31.196 [error] <0.133.0> CRASH REPORT Process <0.133.0> with 0 neighbours exited with reason: no match of right hand value {error,eperm} in tuncer:init/1 line 155 in gen_server:init_it/6 line 328
2013-12-17 16:59:31.243 [error] <0.114.0>@linc_us4_port:add:549 Cannot create port {port,2,[{queues_status,disabled},{queues,[]},{config,{port_configuration,undefined,up,false,false,false}},{features,{features,undefined,'100Mb-FD',true,copper,unsupported}},{interface,"tap-linc-port1"}]}
2013-12-17 16:59:31.373 [error] <0.135.0>@linc_us4_port_native:tap:57 Tuncer error {{badmatch,{error,eperm}},[{tuncer,init,1,[{file,"src/tuncer.erl"},{line,155}]},{gen_server,init_it,6,[{file,"gen_server.erl"},{line,304}]},{proc_lib,init_p_do_apply,3,[{file,"proc_lib.erl"},{line,239}]}]} for interface "tap-linc-port2"
2013-12-17 16:59:31.374 [error] <0.136.0> CRASH REPORT Process <0.136.0> with 0 neighbours exited with reason: no match of right hand value {error,eperm} in tuncer:init/1 line 155 in gen_server:init_it/6 line 328
2013-12-17 16:59:31.424 [error] <0.114.0>@linc_us4_port:add:549 Cannot create port {port,3,[{queues_status,disabled},{queues,[]},{config,{port_configuration,undefined,up,false,false,false}},{features,{features,undefined,'100Mb-FD',true,copper,unsupported}},{interface,"tap-linc-port2"}]}
2013-12-17 16:59:53.841 [info] <0.7.0> Application lager started on node linc@den
2013-12-17 16:59:53.847 [error] <0.114.0>@linc_capable_sup:start_dependency:116 Starting ssh application failed because: {error,{not_started,public_key}}
2013-12-17 16:59:53.902 [error] <0.114.0>@linc_capable_sup:start_dependency:116 Starting enetconf application failed because: {error,{not_started,ssh}}
2013-12-17 16:59:53.963 [info] <0.7.0> Application linc started on node linc@den
2013-12-17 16:59:53.977 [info] <0.7.0> Application sync started on node linc@den
2013-12-17 16:59:53.997 [info] <0.121.0>@linc_us4_port:add:546 Created port: {port,1,[{queues_status,disabled},{queues,[]},{config,{port_configuration,undefined,up,false,false,false}},{features,{features,undefined,'100Mb-FD',true,copper,unsupported}},{queues,[]},{interface,"tap-linc-port0"}]}
2013-12-17 16:59:54.007 [info] <0.121.0>@linc_us4_port:add:546 Created port: {port,2,[{queues_status,disabled},{queues,[]},{config,{port_configuration,undefined,up,false,false,false}},{features,{features,undefined,'100Mb-FD',true,copper,unsupported}},{queues,[]},{interface,"tap-linc-port1"}]}
2013-12-17 16:59:54.017 [info] <0.121.0>@linc_us4_port:add:546 Created port: {port,3,[{queues_status,disabled},{queues,[]},{config,{port_configuration,undefined,up,false,false,false}},{features,{features,undefined,'100Mb-FD',true,copper,unsupported}},{queues,[]},{interface,"tap-linc-port2"}]}
2013-12-17 17:00:04.386 [error] emulator Bad input fd in erts_poll()! fd=15, port=#Port<0.10600>, driver=fd, name=15/15


2013-12-17 17:08:38.760 [info] <0.7.0> Application lager started on node linc@den
2013-12-17 17:08:38.766 [error] <0.111.0>@linc_capable_sup:start_dependency:116 Starting ssh application failed because: {error,{not_started,public_key}}
2013-12-17 17:08:38.815 [error] <0.111.0>@linc_capable_sup:start_dependency:116 Starting enetconf application failed because: {error,{not_started,ssh}}
2013-12-17 17:08:38.881 [info] <0.7.0> Application linc started on node linc@den
2013-12-17 17:08:38.895 [info] <0.7.0> Application sync started on node linc@den
2013-12-17 17:08:38.915 [info] <0.118.0>@linc_us4_port:add:546 Created port: {port,1,[{queues_status,disabled},{queues,[]},{config,{port_configuration,undefined,up,false,false,false}},{features,{features,undefined,'100Mb-FD',true,copper,unsupported}},{queues,[]},{interface,"tap-linc-port0"}]}
2013-12-17 17:08:38.925 [info] <0.118.0>@linc_us4_port:add:546 Created port: {port,2,[{queues_status,disabled},{queues,[]},{config,{port_configuration,undefined,up,false,false,false}},{features,{features,undefined,'100Mb-FD',true,copper,unsupported}},{queues,[]},{interface,"tap-linc-port1"}]}
2013-12-17 17:08:38.936 [info] <0.118.0>@linc_us4_port:add:546 Created port: {port,3,[{queues_status,disabled},{queues,[]},{config,{port_configuration,undefined,up,false,false,false}},{features,{features,undefined,'100Mb-FD',true,copper,unsupported}},{queues,[]},{interface,"tap-linc-port2"}]}
2013-12-17 17:09:18.362 [error] emulator Bad input fd in erts_poll()! fd=14, port=#Port<0.10598>, driver=fd, name=14/14


2013-12-17 17:12:42.662 [info] <0.7.0> Application lager started on node linc@den
2013-12-17 17:12:42.668 [error] <0.111.0>@linc_capable_sup:start_dependency:116 Starting ssh application failed because: {error,{not_started,public_key}}
2013-12-17 17:12:42.718 [error] <0.111.0>@linc_capable_sup:start_dependency:116 Starting enetconf application failed because: {error,{not_started,ssh}}
2013-12-17 17:12:42.781 [info] <0.7.0> Application linc started on node linc@den
2013-12-17 17:12:42.796 [info] <0.7.0> Application sync started on node linc@den
2013-12-17 17:12:42.819 [info] <0.118.0>@linc_us4_port:add:546 Created port: {port,1,[{queues_status,disabled},{queues,[]},{config,{port_configuration,undefined,up,false,false,false}},{features,{features,undefined,'100Mb-FD',true,copper,unsupported}},{queues,[]},{interface,"tap-linc-port0"}]}
2013-12-17 17:12:42.829 [info] <0.118.0>@linc_us4_port:add:546 Created port: {port,2,[{queues_status,disabled},{queues,[]},{config,{port_configuration,undefined,up,false,false,false}},{features,{features,undefined,'100Mb-FD',true,copper,unsupported}},{queues,[]},{interface,"tap-linc-port1"}]}
2013-12-17 17:12:42.841 [info] <0.118.0>@linc_us4_port:add:546 Created port: {port,3,[{queues_status,disabled},{queues,[]},{config,{port_configuration,undefined,up,false,false,false}},{features,{features,undefined,'100Mb-FD',true,copper,unsupported}},{queues,[]},{interface,"tap-linc-port2"}]}
2013-12-17 17:13:23.554 [error] emulator Bad input fd in erts_poll()! fd=15, port=#Port<0.10598>, driver=fd, name=15/15


