2013-12-17 16:59:30.686 [error] <0.85.0>@linc_capable_sup:start_dependency:116 Starting ssh application failed because: {error,{not_started,public_key}}
2013-12-17 16:59:30.756 [error] <0.85.0>@linc_capable_sup:start_dependency:116 Starting enetconf application failed because: {error,{not_started,ssh}}
2013-12-17 16:59:31.016 [error] <0.127.0>@linc_us4_port_native:tap:57 Tuncer error {{badmatch,{error,eperm}},[{tuncer,init,1,[{file,"src/tuncer.erl"},{line,155}]},{gen_server,init_it,6,[{file,"gen_server.erl"},{line,304}]},{proc_lib,init_p_do_apply,3,[{file,"proc_lib.erl"},{line,239}]}]} for interface "tap-linc-port0"
2013-12-17 16:59:31.016 [error] <0.128.0> CRASH REPORT Process <0.128.0> with 0 neighbours exited with reason: no match of right hand value {error,eperm} in tuncer:init/1 line 155 in gen_server:init_it/6 line 328
2013-12-17 16:59:31.063 [error] <0.114.0>@linc_us4_port:add:549 Cannot create port {port,1,[{queues_status,disabled},{queues,[]},{config,{port_configuration,undefined,up,false,false,false}},{features,{features,undefined,'100Mb-FD',true,copper,unsupported}},{interface,"tap-linc-port0"}]}
2013-12-17 16:59:31.195 [error] <0.132.0>@linc_us4_port_native:tap:57 Tuncer error {{badmatch,{error,eperm}},[{tuncer,init,1,[{file,"src/tuncer.erl"},{line,155}]},{gen_server,init_it,6,[{file,"gen_server.erl"},{line,304}]},{proc_lib,init_p_do_apply,3,[{file,"proc_lib.erl"},{line,239}]}]} for interface "tap-linc-port1"
2013-12-17 16:59:31.196 [error] <0.133.0> CRASH REPORT Process <0.133.0> with 0 neighbours exited with reason: no match of right hand value {error,eperm} in tuncer:init/1 line 155 in gen_server:init_it/6 line 328
2013-12-17 16:59:31.243 [error] <0.114.0>@linc_us4_port:add:549 Cannot create port {port,2,[{queues_status,disabled},{queues,[]},{config,{port_configuration,undefined,up,false,false,false}},{features,{features,undefined,'100Mb-FD',true,copper,unsupported}},{interface,"tap-linc-port1"}]}
2013-12-17 16:59:31.373 [error] <0.135.0>@linc_us4_port_native:tap:57 Tuncer error {{badmatch,{error,eperm}},[{tuncer,init,1,[{file,"src/tuncer.erl"},{line,155}]},{gen_server,init_it,6,[{file,"gen_server.erl"},{line,304}]},{proc_lib,init_p_do_apply,3,[{file,"proc_lib.erl"},{line,239}]}]} for interface "tap-linc-port2"
2013-12-17 16:59:31.374 [error] <0.136.0> CRASH REPORT Process <0.136.0> with 0 neighbours exited with reason: no match of right hand value {error,eperm} in tuncer:init/1 line 155 in gen_server:init_it/6 line 328
2013-12-17 16:59:31.424 [error] <0.114.0>@linc_us4_port:add:549 Cannot create port {port,3,[{queues_status,disabled},{queues,[]},{config,{port_configuration,undefined,up,false,false,false}},{features,{features,undefined,'100Mb-FD',true,copper,unsupported}},{interface,"tap-linc-port2"}]}
2013-12-17 16:59:53.847 [error] <0.114.0>@linc_capable_sup:start_dependency:116 Starting ssh application failed because: {error,{not_started,public_key}}
2013-12-17 16:59:53.902 [error] <0.114.0>@linc_capable_sup:start_dependency:116 Starting enetconf application failed because: {error,{not_started,ssh}}
2013-12-17 17:00:04.386 [error] emulator Bad input fd in erts_poll()! fd=15, port=#Port<0.10600>, driver=fd, name=15/15


2013-12-17 17:08:38.766 [error] <0.111.0>@linc_capable_sup:start_dependency:116 Starting ssh application failed because: {error,{not_started,public_key}}
2013-12-17 17:08:38.815 [error] <0.111.0>@linc_capable_sup:start_dependency:116 Starting enetconf application failed because: {error,{not_started,ssh}}
2013-12-17 17:09:18.362 [error] emulator Bad input fd in erts_poll()! fd=14, port=#Port<0.10598>, driver=fd, name=14/14


2013-12-17 17:12:42.668 [error] <0.111.0>@linc_capable_sup:start_dependency:116 Starting ssh application failed because: {error,{not_started,public_key}}
2013-12-17 17:12:42.718 [error] <0.111.0>@linc_capable_sup:start_dependency:116 Starting enetconf application failed because: {error,{not_started,ssh}}
2013-12-17 17:13:23.554 [error] emulator Bad input fd in erts_poll()! fd=15, port=#Port<0.10598>, driver=fd, name=15/15


