2013-12-13 15:26:55.002 [info] <0.496.0> Application lager started on node linc@den
2013-12-13 15:26:55.002 [info] <0.496.0> Application ssh started on node linc@den
2013-12-13 15:26:55.003 [info] <0.496.0> Application enetconf started on node linc@den
2013-12-13 15:26:55.138 [info] <0.496.0> Application linc started on node linc@den
2013-12-13 15:46:57.767 [info] <0.496.0> Application lager started on node linc@den
2013-12-13 15:46:57.767 [info] <0.496.0> Application ssh started on node linc@den
2013-12-13 15:46:57.767 [info] <0.496.0> Application enetconf started on node linc@den
2013-12-13 15:46:57.768 [info] <0.496.0> Application linc started on node linc@den
2013-12-13 15:49:06.932 [info] <0.496.0> Application lager started on node linc@den
2013-12-13 15:49:06.934 [info] <0.496.0> Application ssh started on node linc@den
2013-12-13 15:49:06.936 [info] <0.496.0> Application enetconf started on node linc@den
2013-12-13 15:49:06.954 [info] <0.496.0> Application linc started on node linc@den
2013-12-13 15:51:21.638 [info] <0.496.0> Application lager started on node linc@den
2013-12-13 15:51:21.638 [info] <0.496.0> Application ssh started on node linc@den
2013-12-13 15:51:21.639 [info] <0.496.0> Application enetconf started on node linc@den
2013-12-13 15:51:21.661 [info] <0.496.0> Application linc started on node linc@den
2013-12-13 15:57:01.072 [info] <0.496.0> Application lager started on node linc@den
2013-12-13 15:57:01.073 [info] <0.496.0> Application ssh started on node linc@den
2013-12-13 15:57:01.076 [info] <0.496.0> Application enetconf started on node linc@den
2013-12-13 15:57:01.078 [info] <0.496.0> Application linc started on node linc@den
2013-12-13 16:02:06.945 [info] <0.496.0> Application lager started on node linc@den
2013-12-13 16:02:06.947 [info] <0.496.0> Application ssh started on node linc@den
2013-12-13 16:02:06.949 [info] <0.496.0> Application enetconf started on node linc@den
2013-12-13 16:02:06.951 [info] <0.496.0> Application linc started on node linc@den
2013-12-13 16:30:25.661 [info] <0.496.0> Application lager started on node linc@den
2013-12-13 16:30:25.662 [info] <0.496.0> Application ssh started on node linc@den
2013-12-13 16:30:25.662 [info] <0.496.0> Application enetconf started on node linc@den
2013-12-13 16:30:25.686 [info] <0.496.0> Application linc started on node linc@den
2013-12-13 16:30:25.725 [info] <0.636.0>@linc_us4_port:add:546 Created port: {port,1,[{queues_status,disabled},{queues,[]},{config,{port_configuration,undefined,up,false,false,false}},{features,{features,undefined,'100Mb-FD',true,copper,unsupported}},{interface,"tap-linc-port0"}]}
2013-12-13 16:30:25.764 [info] <0.636.0>@linc_us4_port:add:546 Created port: {port,2,[{queues_status,disabled},{queues,[]},{config,{port_configuration,undefined,up,false,false,false}},{features,{features,undefined,'100Mb-FD',true,copper,unsupported}},{interface,"tap-linc-port1"}]}
2013-12-13 16:30:25.803 [info] <0.636.0>@linc_us4_port:add:546 Created port: {port,3,[{queues_status,disabled},{queues,[]},{config,{port_configuration,undefined,up,false,false,false}},{features,{features,undefined,'100Mb-FD',true,copper,unsupported}},{interface,"tap-linc-port2"}]}
2013-12-13 16:30:25.839 [info] <0.636.0>@linc_logic:handle_info:336 Connected to controller localhost:6633/0 using OFP v4
2013-12-13 16:33:48.994 [info] <0.636.0>@linc_logic:handle_info:340 Connection to controller localhost:6633/0 closed because of tcp_closed
2013-12-13 16:34:19.762 [error] emulator Bad input fd in erts_poll()! fd=18, port=#Port<0.1181>, driver=fd, name=18/18


2013-12-25 14:19:29.299 [info] <0.500.0> Application lager started on node linc@den
2013-12-25 14:19:29.299 [info] <0.500.0> Application ssh started on node linc@den
2013-12-25 14:19:29.299 [info] <0.500.0> Application enetconf started on node linc@den
2013-12-25 14:19:29.324 [info] <0.500.0> Application linc started on node linc@den
2013-12-25 14:19:29.371 [info] <0.640.0>@linc_us4_port:add:546 Created port: {port,1,[{queues_status,disabled},{queues,[]},{config,{port_configuration,undefined,up,false,false,false}},{features,{features,undefined,'100Mb-FD',true,copper,unsupported}},{queues,[]},{interface,"tap-linc-port1"}]}
2013-12-25 14:19:29.411 [info] <0.640.0>@linc_us4_port:add:546 Created port: {port,2,[{queues_status,disabled},{queues,[]},{config,{port_configuration,undefined,up,false,false,false}},{features,{features,undefined,'100Mb-FD',true,copper,unsupported}},{queues,[]},{interface,"tap-linc-port2"}]}
2013-12-25 14:20:58.914 [error] emulator Bad input fd in erts_poll()! fd=16, port=#Port<0.1183>, driver=fd, name=16/16


